2024-01-28 14:02:40 Loading main app package /usr/lib/obsidian/obsidian.asar
2024-01-28 14:02:41 Checking for update using Github
2024-01-28 14:02:41 Success.
2024-01-28 14:02:41 Latest version is 1.5.3
2024-01-28 14:02:41 App is up to date.
2024-01-28 14:22:17 Loading main app package /usr/lib/obsidian/obsidian.asar
2024-01-28 14:22:18 Checking for update using Github
2024-01-28 14:22:18 Success.
2024-01-28 14:22:18 Latest version is 1.5.3
2024-01-28 14:22:18 App is up to date.
2024-01-29 22:19:20 Loading main app package /usr/lib/obsidian/obsidian.asar
2024-01-29 22:19:20 Checking for update using Github
2024-01-29 22:19:20 Success.
2024-01-29 22:19:20 Latest version is 1.5.3
2024-01-29 22:19:20 App is up to date.
2024-01-29 23:19:20 Checking for update using Github
2024-01-29 23:19:20 Success.
2024-01-29 23:19:20 Latest version is 1.5.3
2024-01-29 23:19:20 App is up to date.
2024-01-30 00:19:20 Checking for update using Github
2024-01-30 00:19:20 Success.
2024-01-30 00:19:20 Latest version is 1.5.3
2024-01-30 00:19:20 App is up to date.
2024-01-30 01:19:20 Checking for update using Github
2024-01-30 01:19:20 Success.
2024-01-30 01:19:20 Latest version is 1.5.3
2024-01-30 01:19:20 App is up to date.
2024-01-30 02:19:20 Checking for update using Github
2024-01-30 02:19:20 Success.
2024-01-30 02:19:20 Latest version is 1.5.3
2024-01-30 02:19:20 App is up to date.
2024-01-30 03:19:20 Checking for update using Github
2024-01-30 03:19:20 Success.
2024-01-30 03:19:20 Latest version is 1.5.3
2024-01-30 03:19:20 App is up to date.
2024-01-30 04:19:20 Checking for update using Github
2024-01-30 04:19:20 Success.
2024-01-30 04:19:20 Latest version is 1.5.3
2024-01-30 04:19:20 App is up to date.
2024-01-30 05:19:20 Checking for update using Github
2024-01-30 05:19:20 Success.
2024-01-30 05:19:20 Latest version is 1.5.3
2024-01-30 05:19:20 App is up to date.
2024-01-30 06:19:20 Checking for update using Github
2024-01-30 06:19:20 Success.
2024-01-30 06:19:20 Latest version is 1.5.3
2024-01-30 06:19:20 App is up to date.
2024-01-30 07:19:20 Checking for update using Github
2024-01-30 07:19:20 Success.
2024-01-30 07:19:20 Latest version is 1.5.3
2024-01-30 07:19:20 App is up to date.
2024-01-30 08:19:20 Checking for update using Github
2024-01-30 08:19:20 Success.
2024-01-30 08:19:20 Latest version is 1.5.3
2024-01-30 08:19:20 App is up to date.
2024-01-30 09:19:20 Checking for update using Github
2024-01-30 09:19:21 Success.
2024-01-30 09:19:21 Latest version is 1.5.3
2024-01-30 09:19:21 App is up to date.
2024-02-29 21:47:39 Loading main app package /usr/lib/obsidian/obsidian.asar
2024-02-29 21:47:39 Checking for update using Github
2024-02-29 21:47:40 Success.
2024-02-29 21:47:40 Latest version is 1.5.8
2024-02-29 21:47:40 Downloading update from https://github.com/obsidianmd/obsidian-releases/releases/download/v1.5.8/obsidian-1.5.8.asar.gz
2024-02-29 21:47:42 Verifying hash & signature. Size= 8652806
2024-02-29 21:47:42 Saving file
2024-02-29 21:47:42 Update complete.
